Using pre-set license
Built from '2021.1/staging' branch; Version is '2021.1.7f1 (d91830b65d9b) revision 14227504'; Using compiler version '192528614'; Build Type 'Release'
OS: 'Windows 10 Pro; OS build 19041.329; Version 2004; 64bit' Language: 'ru' Physical Memory: 16328 MB
BatchMode: 1, IsHumanControllingUs: 0, StartBugReporterOnCrash: 0, Is64bit: 1, IsPro: 0

 COMMAND LINE ARGUMENTS:
C:\Program Files\Unity\Hub\Editor\2021.1.7f1\Editor\Unity.exe
-adb2
-batchMode
-noUpm
-name
AssetImportWorker2
-projectPath
C:/Users/TheArzy/GitFlowData-2/Sword_Hard_Offline/Sword Hard Offline
-logFile
Logs/AssetImportWorker2.log
-srvPort
4717
Successfully changed project path to: C:/Users/TheArzy/GitFlowData-2/Sword_Hard_Offline/Sword Hard Offline
C:/Users/TheArzy/GitFlowData-2/Sword_Hard_Offline/Sword Hard Offline
Using Asset Import Pipeline V2.
Refreshing native plugins compatible for Editor in 76.89 ms, found 1 plugins.
Preloading 0 native plugins for Editor in 0.00 ms.
Initialize engine version: 2021.1.7f1 (d91830b65d9b)
[Subsystems] Discovering subsystems at path C:/Program Files/Unity/Hub/Editor/2021.1.7f1/Editor/Data/Resources/UnitySubsystems
[Subsystems] Discovering subsystems at path C:/Users/TheArzy/GitFlowData-2/Sword_Hard_Offline/Sword Hard Offline/Assets
GfxDevice: creating device client; threaded=0; jobified=0
Direct3D:
    Version:  Direct3D 11.0 [level 11.0]
    Renderer: NVIDIA GeForce GTX 760 (ID=0x1187)
    Vendor:   NVIDIA
    VRAM:     2007 MB
    Driver:   27.21.14.6589
Initialize mono
Mono path[0] = 'C:/Program Files/Unity/Hub/Editor/2021.1.7f1/Editor/Data/Managed'
Mono path[1] = 'C:/Program Files/Unity/Hub/Editor/2021.1.7f1/Editor/Data/MonoBleedingEdge/lib/mono/unityjit'
Mono config path = 'C:/Program Files/Unity/Hub/Editor/2021.1.7f1/Editor/Data/MonoBleedingEdge/etc'
Using monoOptions --debugger-agent=transport=dt_socket,embedding=1,server=y,suspend=n,address=127.0.0.1:56844
Begin MonoManager ReloadAssembly
Registering precompiled unity dll's ...
Register platform support module: C:/Program Files/Unity/Hub/Editor/2021.1.7f1/Editor/Data/PlaybackEngines/WindowsStandaloneSupport/UnityEditor.WindowsStandalone.Extensions.dll
Registered in 0.001218 seconds.
Native extension for WindowsStandalone target not found
Refreshing native plugins compatible for Editor in 126.92 ms, found 1 plugins.
Preloading 0 native plugins for Editor in 0.00 ms.
Mono: successfully reloaded assembly
- Completed reload, in  1.439 seconds
Platform modules already initialized, skipping
Registering precompiled user dll's ...
Registered in 0.003706 seconds.
Begin MonoManager ReloadAssembly
Symbol file LoadedFromMemory doesn't match image C:\Users\TheArzy\GitFlowData-2\Sword_Hard_Offline\Sword Hard Offline\Library\PackageCache\com.unity.visualscripting@1.6.1\Editor\VisualScripting.Core\Dependencies\YamlDotNet\Unity.VisualScripting.YamlDotNet.dll
Symbol file LoadedFromMemory doesn't match image C:\Users\TheArzy\GitFlowData-2\Sword_Hard_Offline\Sword Hard Offline\Library\PackageCache\com.unity.visualscripting@1.6.1\Editor\VisualScripting.Core\Dependencies\DotNetZip\Unity.VisualScripting.IonicZip.dll
Native extension for WindowsStandalone target not found
Refreshing native plugins compatible for Editor in 0.43 ms, found 1 plugins.
Preloading 0 native plugins for Editor in 0.00 ms.
Mono: successfully reloaded assembly
- Completed reload, in  1.148 seconds
Platform modules already initialized, skipping
========================================================================
Worker process is ready to serve import requests
Launched and connected shader compiler UnityShaderCompiler.exe after 0.15 seconds
Refreshing native plugins compatible for Editor in 0.43 ms, found 1 plugins.
Preloading 0 native plugins for Editor in 0.00 ms.
Unloading 2670 Unused Serialized files (Serialized files now loaded: 0)
System memory in use before: 111.2 MB.
System memory in use after: 111.4 MB.

Unloading 14 unused Assets to reduce memory usage. Loaded Objects now: 3142.
Total: 3.097700 ms (FindLiveObjects: 0.372400 ms CreateObjectMapping: 0.382500 ms MarkObjects: 2.257400 ms  DeleteObjects: 0.084200 ms)

========================================================================
Received Import Request.
  path: Assets/Prefabs/TheGreateSword.prefab
  artifactKey: Guid(f5ee6815c9cfd90459eacb5242837ebd) Importer(815301076,1909f56bfc062723c751e8b465ee728b)
Start importing Assets/Prefabs/TheGreateSword.prefab using Guid(f5ee6815c9cfd90459eacb5242837ebd) Importer(815301076,1909f56bfc062723c751e8b465ee728b)  -> (artifact id: '015483394fecce73dd5ef021c541cbf8') in 0.324887 seconds 
========================================================================
Received Import Request.
  Time since last request: 8.477641 seconds.
  path: Assets/Prefabs/TheGreateSword.prefab
  artifactKey: Guid(f5ee6815c9cfd90459eacb5242837ebd) Importer(815301076,1909f56bfc062723c751e8b465ee728b)
Start importing Assets/Prefabs/TheGreateSword.prefab using Guid(f5ee6815c9cfd90459eacb5242837ebd) Importer(815301076,1909f56bfc062723c751e8b465ee728b)  -> (artifact id: '5a336b21dca41115d0d2d171546e495b') in 0.062120 seconds 
========================================================================
Received Import Request.
  Time since last request: 5.913094 seconds.
  path: Assets/Prefabs/TheGreateSword.prefab
  artifactKey: Guid(f5ee6815c9cfd90459eacb5242837ebd) Importer(815301076,1909f56bfc062723c751e8b465ee728b)
Start importing Assets/Prefabs/TheGreateSword.prefab using Guid(f5ee6815c9cfd90459eacb5242837ebd) Importer(815301076,1909f56bfc062723c751e8b465ee728b)  -> (artifact id: '6f85b35c6c564360e56d96a55b5e4554') in 0.009502 seconds 
========================================================================
Received Import Request.
  Time since last request: 6.784186 seconds.
  path: Assets/Prefabs/TheGreateSword.prefab
  artifactKey: Guid(f5ee6815c9cfd90459eacb5242837ebd) Importer(815301076,1909f56bfc062723c751e8b465ee728b)
Start importing Assets/Prefabs/TheGreateSword.prefab using Guid(f5ee6815c9cfd90459eacb5242837ebd) Importer(815301076,1909f56bfc062723c751e8b465ee728b)  -> (artifact id: '30df04f76146c97ce22cb97f9fe4b139') in 0.008510 seconds 
========================================================================
Received Import Request.
  Time since last request: 5.453032 seconds.
  path: Assets/Prefabs/TheGreateSword.prefab
  artifactKey: Guid(f5ee6815c9cfd90459eacb5242837ebd) Importer(815301076,1909f56bfc062723c751e8b465ee728b)
Start importing Assets/Prefabs/TheGreateSword.prefab using Guid(f5ee6815c9cfd90459eacb5242837ebd) Importer(815301076,1909f56bfc062723c751e8b465ee728b)  -> (artifact id: 'ee7713d5ede2b9c63d85e5955254170c') in 0.019374 seconds 
========================================================================
Received Import Request.
  Time since last request: 6.409010 seconds.
  path: Assets/Prefabs/TheGreateSword.prefab
  artifactKey: Guid(f5ee6815c9cfd90459eacb5242837ebd) Importer(815301076,1909f56bfc062723c751e8b465ee728b)
Start importing Assets/Prefabs/TheGreateSword.prefab using Guid(f5ee6815c9cfd90459eacb5242837ebd) Importer(815301076,1909f56bfc062723c751e8b465ee728b)  -> (artifact id: '8a4a0cfb902915b0db6a6cf0aad0d0ea') in 0.017906 seconds 
========================================================================
Received Import Request.
  Time since last request: 5.501946 seconds.
  path: Assets/Prefabs/TheGreateSword.prefab
  artifactKey: Guid(f5ee6815c9cfd90459eacb5242837ebd) Importer(815301076,1909f56bfc062723c751e8b465ee728b)
Start importing Assets/Prefabs/TheGreateSword.prefab using Guid(f5ee6815c9cfd90459eacb5242837ebd) Importer(815301076,1909f56bfc062723c751e8b465ee728b)  -> (artifact id: 'b93657472d4f8befde64bf7f3ac620b1') in 0.020919 seconds 
========================================================================
Received Import Request.
  Time since last request: 65.594443 seconds.
  path: Assets/Prefabs/TheGreateSword.prefab
  artifactKey: Guid(f5ee6815c9cfd90459eacb5242837ebd) Importer(815301076,1909f56bfc062723c751e8b465ee728b)
Start importing Assets/Prefabs/TheGreateSword.prefab using Guid(f5ee6815c9cfd90459eacb5242837ebd) Importer(815301076,1909f56bfc062723c751e8b465ee728b)  -> (artifact id: 'ab1a51ac805965a0994494da46694e07') in 0.016307 seconds 
========================================================================
Received Import Request.
  Time since last request: 1.215079 seconds.
  path: Assets/Prefabs/TheGreateSword.prefab
  artifactKey: Guid(f5ee6815c9cfd90459eacb5242837ebd) Importer(815301076,1909f56bfc062723c751e8b465ee728b)
Start importing Assets/Prefabs/TheGreateSword.prefab using Guid(f5ee6815c9cfd90459eacb5242837ebd) Importer(815301076,1909f56bfc062723c751e8b465ee728b)  -> (artifact id: 'eaed712f9ef99ab9664c7818e7c1cd44') in 0.022570 seconds 
========================================================================
Received Import Request.
  Time since last request: 1.503502 seconds.
  path: Assets/Prefabs/TheGreateSword.prefab
  artifactKey: Guid(f5ee6815c9cfd90459eacb5242837ebd) Importer(815301076,1909f56bfc062723c751e8b465ee728b)
Start importing Assets/Prefabs/TheGreateSword.prefab using Guid(f5ee6815c9cfd90459eacb5242837ebd) Importer(815301076,1909f56bfc062723c751e8b465ee728b)  -> (artifact id: '8344e20d165ada1a121eecd694121a58') in 0.019552 seconds 
========================================================================
Received Import Request.
  Time since last request: 10.283980 seconds.
  path: Assets/Prefabs/TheGreateSword.prefab
  artifactKey: Guid(f5ee6815c9cfd90459eacb5242837ebd) Importer(815301076,1909f56bfc062723c751e8b465ee728b)
Start importing Assets/Prefabs/TheGreateSword.prefab using Guid(f5ee6815c9cfd90459eacb5242837ebd) Importer(815301076,1909f56bfc062723c751e8b465ee728b)  -> (artifact id: '9f72ed8d3588cbe8a76bde76869af012') in 0.015972 seconds 
========================================================================
Received Import Request.
  Time since last request: 1.192770 seconds.
  path: Assets/Prefabs/TheGreateSword.prefab
  artifactKey: Guid(f5ee6815c9cfd90459eacb5242837ebd) Importer(815301076,1909f56bfc062723c751e8b465ee728b)
Start importing Assets/Prefabs/TheGreateSword.prefab using Guid(f5ee6815c9cfd90459eacb5242837ebd) Importer(815301076,1909f56bfc062723c751e8b465ee728b)  -> (artifact id: 'db8111d637bf61e55b5afcbdb0e9634c') in 0.010857 seconds 
========================================================================
Received Import Request.
  Time since last request: 1.193745 seconds.
  path: Assets/Prefabs/TheGreateSword.prefab
  artifactKey: Guid(f5ee6815c9cfd90459eacb5242837ebd) Importer(815301076,1909f56bfc062723c751e8b465ee728b)
Start importing Assets/Prefabs/TheGreateSword.prefab using Guid(f5ee6815c9cfd90459eacb5242837ebd) Importer(815301076,1909f56bfc062723c751e8b465ee728b)  -> (artifact id: '6b0b8c5f9266c8776b3033b1d3217c49') in 0.014904 seconds 
========================================================================
Received Import Request.
  Time since last request: 2.390225 seconds.
  path: Assets/Prefabs/TheGreateSword.prefab
  artifactKey: Guid(f5ee6815c9cfd90459eacb5242837ebd) Importer(815301076,1909f56bfc062723c751e8b465ee728b)
Start importing Assets/Prefabs/TheGreateSword.prefab using Guid(f5ee6815c9cfd90459eacb5242837ebd) Importer(815301076,1909f56bfc062723c751e8b465ee728b)  -> (artifact id: '600f64d26824df996273f5b7f8651804') in 0.011598 seconds 
========================================================================
Received Import Request.
  Time since last request: 6.449799 seconds.
  path: Assets/Prefabs/TheGreateSword.prefab
  artifactKey: Guid(f5ee6815c9cfd90459eacb5242837ebd) Importer(815301076,1909f56bfc062723c751e8b465ee728b)
Start importing Assets/Prefabs/TheGreateSword.prefab using Guid(f5ee6815c9cfd90459eacb5242837ebd) Importer(815301076,1909f56bfc062723c751e8b465ee728b)  -> (artifact id: '720fcc18b2260be573ef0b888c0ae779') in 0.013823 seconds 
========================================================================
Received Import Request.
  Time since last request: 10.852216 seconds.
  path: Assets/Prefabs/TheGreateSword.prefab
  artifactKey: Guid(f5ee6815c9cfd90459eacb5242837ebd) Importer(815301076,1909f56bfc062723c751e8b465ee728b)
Start importing Assets/Prefabs/TheGreateSword.prefab using Guid(f5ee6815c9cfd90459eacb5242837ebd) Importer(815301076,1909f56bfc062723c751e8b465ee728b)  -> (artifact id: 'f8a40eefb244e873f70672b05b32604f') in 0.016478 seconds 
========================================================================
Received Import Request.
  Time since last request: 2.756631 seconds.
  path: Assets/Prefabs/TheGreateSword.prefab
  artifactKey: Guid(f5ee6815c9cfd90459eacb5242837ebd) Importer(815301076,1909f56bfc062723c751e8b465ee728b)
Start importing Assets/Prefabs/TheGreateSword.prefab using Guid(f5ee6815c9cfd90459eacb5242837ebd) Importer(815301076,1909f56bfc062723c751e8b465ee728b)  -> (artifact id: '0adf6dd1046ad08810c5444b1a6b7751') in 0.024589 seconds 
========================================================================
Received Import Request.
  Time since last request: 1.462308 seconds.
  path: Assets/Prefabs/TheGreateSword.prefab
  artifactKey: Guid(f5ee6815c9cfd90459eacb5242837ebd) Importer(815301076,1909f56bfc062723c751e8b465ee728b)
Start importing Assets/Prefabs/TheGreateSword.prefab using Guid(f5ee6815c9cfd90459eacb5242837ebd) Importer(815301076,1909f56bfc062723c751e8b465ee728b)  -> (artifact id: '9531ee831e9c4e53b667e1fafa95d774') in 0.012353 seconds 
========================================================================
Received Import Request.
  Time since last request: 6.306496 seconds.
  path: Assets/Prefabs/TheGreateSword.prefab
  artifactKey: Guid(f5ee6815c9cfd90459eacb5242837ebd) Importer(815301076,1909f56bfc062723c751e8b465ee728b)
Start importing Assets/Prefabs/TheGreateSword.prefab using Guid(f5ee6815c9cfd90459eacb5242837ebd) Importer(815301076,1909f56bfc062723c751e8b465ee728b)  -> (artifact id: 'f8427d3a51ed3b78b9f25026bea29575') in 0.009184 seconds 
========================================================================
Received Import Request.
  Time since last request: 5.172830 seconds.
  path: Assets/Prefabs/TheGreateSword.prefab
  artifactKey: Guid(f5ee6815c9cfd90459eacb5242837ebd) Importer(815301076,1909f56bfc062723c751e8b465ee728b)
Start importing Assets/Prefabs/TheGreateSword.prefab using Guid(f5ee6815c9cfd90459eacb5242837ebd) Importer(815301076,1909f56bfc062723c751e8b465ee728b)  -> (artifact id: '9310b34690e5dcb8af88fb1cebf393ca') in 0.011385 seconds 
========================================================================
Received Import Request.
  Time since last request: 1.693768 seconds.
  path: Assets/Prefabs/TheGreateSword.prefab
  artifactKey: Guid(f5ee6815c9cfd90459eacb5242837ebd) Importer(815301076,1909f56bfc062723c751e8b465ee728b)
Start importing Assets/Prefabs/TheGreateSword.prefab using Guid(f5ee6815c9cfd90459eacb5242837ebd) Importer(815301076,1909f56bfc062723c751e8b465ee728b)  -> (artifact id: '3e08f0280143c34596c01ad5de9bd3f6') in 0.010993 seconds 
========================================================================
Received Import Request.
  Time since last request: 1.214663 seconds.
  path: Assets/Prefabs/TheGreateSword.prefab
  artifactKey: Guid(f5ee6815c9cfd90459eacb5242837ebd) Importer(815301076,1909f56bfc062723c751e8b465ee728b)
Start importing Assets/Prefabs/TheGreateSword.prefab using Guid(f5ee6815c9cfd90459eacb5242837ebd) Importer(815301076,1909f56bfc062723c751e8b465ee728b)  -> (artifact id: '4ff2f07aa66e7ff20577f4a544472dae') in 0.015904 seconds 
========================================================================
Received Import Request.
  Time since last request: 8.055128 seconds.
  path: Assets/Prefabs/TheGreateSword.prefab
  artifactKey: Guid(f5ee6815c9cfd90459eacb5242837ebd) Importer(815301076,1909f56bfc062723c751e8b465ee728b)
Start importing Assets/Prefabs/TheGreateSword.prefab using Guid(f5ee6815c9cfd90459eacb5242837ebd) Importer(815301076,1909f56bfc062723c751e8b465ee728b)  -> (artifact id: '34f929f22e4604e577a9cf00ff166b41') in 0.009554 seconds 
========================================================================
Received Import Request.
  Time since last request: 1.404965 seconds.
  path: Assets/Prefabs/TheGreateSword.prefab
  artifactKey: Guid(f5ee6815c9cfd90459eacb5242837ebd) Importer(815301076,1909f56bfc062723c751e8b465ee728b)
Start importing Assets/Prefabs/TheGreateSword.prefab using Guid(f5ee6815c9cfd90459eacb5242837ebd) Importer(815301076,1909f56bfc062723c751e8b465ee728b)  -> (artifact id: '9da19bf8db0a51df76fe3de7132459c6') in 0.018306 seconds 
========================================================================
Received Import Request.
  Time since last request: 1.389855 seconds.
  path: Assets/Prefabs/TheGreateSword.prefab
  artifactKey: Guid(f5ee6815c9cfd90459eacb5242837ebd) Importer(815301076,1909f56bfc062723c751e8b465ee728b)
Start importing Assets/Prefabs/TheGreateSword.prefab using Guid(f5ee6815c9cfd90459eacb5242837ebd) Importer(815301076,1909f56bfc062723c751e8b465ee728b)  -> (artifact id: '11fa6c43aae67234cc08715dfe889a0f') in 0.017333 seconds 
========================================================================
Received Import Request.
  Time since last request: 0.984642 seconds.
  path: Assets/Prefabs/TheGreateSword.prefab
  artifactKey: Guid(f5ee6815c9cfd90459eacb5242837ebd) Importer(815301076,1909f56bfc062723c751e8b465ee728b)
Start importing Assets/Prefabs/TheGreateSword.prefab using Guid(f5ee6815c9cfd90459eacb5242837ebd) Importer(815301076,1909f56bfc062723c751e8b465ee728b)  -> (artifact id: '2e6102217ca7bc81d371fea60c0985ca') in 0.008474 seconds 
========================================================================
Received Import Request.
  Time since last request: 12.489710 seconds.
  path: Assets/Prefabs/TheGreateSword.prefab
  artifactKey: Guid(f5ee6815c9cfd90459eacb5242837ebd) Importer(815301076,1909f56bfc062723c751e8b465ee728b)
Start importing Assets/Prefabs/TheGreateSword.prefab using Guid(f5ee6815c9cfd90459eacb5242837ebd) Importer(815301076,1909f56bfc062723c751e8b465ee728b)  -> (artifact id: 'd4130e52a6239a9ddc182358b8288a6b') in 0.028759 seconds 
========================================================================
Received Import Request.
  Time since last request: 4.415248 seconds.
  path: Assets/Prefabs/TheGreateSword.prefab
  artifactKey: Guid(f5ee6815c9cfd90459eacb5242837ebd) Importer(815301076,1909f56bfc062723c751e8b465ee728b)
Start importing Assets/Prefabs/TheGreateSword.prefab using Guid(f5ee6815c9cfd90459eacb5242837ebd) Importer(815301076,1909f56bfc062723c751e8b465ee728b)  -> (artifact id: '161408ebc43a806d5280534a94e4fccf') in 0.016589 seconds 
========================================================================
Received Import Request.
  Time since last request: 2.001488 seconds.
  path: Assets/Prefabs/TheGreateSword.prefab
  artifactKey: Guid(f5ee6815c9cfd90459eacb5242837ebd) Importer(815301076,1909f56bfc062723c751e8b465ee728b)
Start importing Assets/Prefabs/TheGreateSword.prefab using Guid(f5ee6815c9cfd90459eacb5242837ebd) Importer(815301076,1909f56bfc062723c751e8b465ee728b)  -> (artifact id: '921f97ceecd6b21e61f89edbebeacc4f') in 0.008257 seconds 
========================================================================
Received Import Request.
  Time since last request: 42.575429 seconds.
  path: Assets/Prefabs/TheGreateSword.prefab
  artifactKey: Guid(f5ee6815c9cfd90459eacb5242837ebd) Importer(815301076,1909f56bfc062723c751e8b465ee728b)
Start importing Assets/Prefabs/TheGreateSword.prefab using Guid(f5ee6815c9cfd90459eacb5242837ebd) Importer(815301076,1909f56bfc062723c751e8b465ee728b)  -> (artifact id: '8c85a27d84139d7642909c70270b2052') in 0.016277 seconds 
========================================================================
Received Import Request.
  Time since last request: 1.987111 seconds.
  path: Assets/Prefabs/TheGreateSword.prefab
  artifactKey: Guid(f5ee6815c9cfd90459eacb5242837ebd) Importer(815301076,1909f56bfc062723c751e8b465ee728b)
Start importing Assets/Prefabs/TheGreateSword.prefab using Guid(f5ee6815c9cfd90459eacb5242837ebd) Importer(815301076,1909f56bfc062723c751e8b465ee728b)  -> (artifact id: '2b382d82d5c6f5d71469e6241fd8fad2') in 0.010682 seconds 
========================================================================
Received Import Request.
  Time since last request: 2.405986 seconds.
  path: Assets/Prefabs/TheGreateSword.prefab
  artifactKey: Guid(f5ee6815c9cfd90459eacb5242837ebd) Importer(815301076,1909f56bfc062723c751e8b465ee728b)
Start importing Assets/Prefabs/TheGreateSword.prefab using Guid(f5ee6815c9cfd90459eacb5242837ebd) Importer(815301076,1909f56bfc062723c751e8b465ee728b)  -> (artifact id: '825b41be3d7a6be91b88506fbb5c9037') in 0.013105 seconds 
========================================================================
Received Import Request.
  Time since last request: 7.657833 seconds.
  path: Assets/Prefabs/TheGreateSword.prefab
  artifactKey: Guid(f5ee6815c9cfd90459eacb5242837ebd) Importer(815301076,1909f56bfc062723c751e8b465ee728b)
Start importing Assets/Prefabs/TheGreateSword.prefab using Guid(f5ee6815c9cfd90459eacb5242837ebd) Importer(815301076,1909f56bfc062723c751e8b465ee728b)  -> (artifact id: 'dd65e8b040f925d0c8d07e4567deaff6') in 0.017983 seconds 
========================================================================
Received Import Request.
  Time since last request: 1.595698 seconds.
  path: Assets/Prefabs/TheGreateSword.prefab
  artifactKey: Guid(f5ee6815c9cfd90459eacb5242837ebd) Importer(815301076,1909f56bfc062723c751e8b465ee728b)
Start importing Assets/Prefabs/TheGreateSword.prefab using Guid(f5ee6815c9cfd90459eacb5242837ebd) Importer(815301076,1909f56bfc062723c751e8b465ee728b)  -> (artifact id: 'c1184a987bc83b98dc28bc5de672c5bc') in 0.012515 seconds 
========================================================================
Received Import Request.
  Time since last request: 0.986364 seconds.
  path: Assets/Prefabs/TheGreateSword.prefab
  artifactKey: Guid(f5ee6815c9cfd90459eacb5242837ebd) Importer(815301076,1909f56bfc062723c751e8b465ee728b)
Start importing Assets/Prefabs/TheGreateSword.prefab using Guid(f5ee6815c9cfd90459eacb5242837ebd) Importer(815301076,1909f56bfc062723c751e8b465ee728b)  -> (artifact id: 'e3d752b26f9ad3fd0c60e7364ea299da') in 0.015535 seconds 
========================================================================
Received Import Request.
  Time since last request: 1.990921 seconds.
  path: Assets/Prefabs/TheGreateSword.prefab
  artifactKey: Guid(f5ee6815c9cfd90459eacb5242837ebd) Importer(815301076,1909f56bfc062723c751e8b465ee728b)
Start importing Assets/Prefabs/TheGreateSword.prefab using Guid(f5ee6815c9cfd90459eacb5242837ebd) Importer(815301076,1909f56bfc062723c751e8b465ee728b)  -> (artifact id: '032f4320f7b00583d71799f8d71c7bb4') in 0.015473 seconds 
========================================================================
Received Import Request.
  Time since last request: 10.060265 seconds.
  path: Assets/Prefabs/TheGreateSword.prefab
  artifactKey: Guid(f5ee6815c9cfd90459eacb5242837ebd) Importer(815301076,1909f56bfc062723c751e8b465ee728b)
Start importing Assets/Prefabs/TheGreateSword.prefab using Guid(f5ee6815c9cfd90459eacb5242837ebd) Importer(815301076,1909f56bfc062723c751e8b465ee728b)  -> (artifact id: 'deaf4773b0bc28cb1c4afc11766d397f') in 0.014525 seconds 
========================================================================
Received Import Request.
  Time since last request: 2.202273 seconds.
  path: Assets/Prefabs/TheGreateSword.prefab
  artifactKey: Guid(f5ee6815c9cfd90459eacb5242837ebd) Importer(815301076,1909f56bfc062723c751e8b465ee728b)
Start importing Assets/Prefabs/TheGreateSword.prefab using Guid(f5ee6815c9cfd90459eacb5242837ebd) Importer(815301076,1909f56bfc062723c751e8b465ee728b)  -> (artifact id: '520cd36a543fc4a710c32ecd37e5118c') in 0.015771 seconds 
========================================================================
Received Import Request.
  Time since last request: 17.538946 seconds.
  path: Assets/Prefabs/TheGreateSword.prefab
  artifactKey: Guid(f5ee6815c9cfd90459eacb5242837ebd) Importer(815301076,1909f56bfc062723c751e8b465ee728b)
Start importing Assets/Prefabs/TheGreateSword.prefab using Guid(f5ee6815c9cfd90459eacb5242837ebd) Importer(815301076,1909f56bfc062723c751e8b465ee728b)  -> (artifact id: '2e4b396f7df6b43fee33f72905278338') in 0.015444 seconds 
========================================================================
Received Import Request.
  Time since last request: 1.393444 seconds.
  path: Assets/Prefabs/TheGreateSword.prefab
  artifactKey: Guid(f5ee6815c9cfd90459eacb5242837ebd) Importer(815301076,1909f56bfc062723c751e8b465ee728b)
Start importing Assets/Prefabs/TheGreateSword.prefab using Guid(f5ee6815c9cfd90459eacb5242837ebd) Importer(815301076,1909f56bfc062723c751e8b465ee728b)  -> (artifact id: '1e30c073a801ece88d3d89634f6c048a') in 0.032062 seconds 
========================================================================
Received Import Request.
  Time since last request: 1.780512 seconds.
  path: Assets/Prefabs/TheGreateSword.prefab
  artifactKey: Guid(f5ee6815c9cfd90459eacb5242837ebd) Importer(815301076,1909f56bfc062723c751e8b465ee728b)
Start importing Assets/Prefabs/TheGreateSword.prefab using Guid(f5ee6815c9cfd90459eacb5242837ebd) Importer(815301076,1909f56bfc062723c751e8b465ee728b)  -> (artifact id: '06bc8123b03f823003093c7c50d1d16e') in 0.025276 seconds 
========================================================================
Received Prepare
Registering precompiled user dll's ...
Registered in 0.002010 seconds.
Begin MonoManager ReloadAssembly
Symbol file LoadedFromMemory doesn't match image C:\Users\TheArzy\GitFlowData-2\Sword_Hard_Offline\Sword Hard Offline\Library\PackageCache\com.unity.visualscripting@1.6.1\Editor\VisualScripting.Core\Dependencies\YamlDotNet\Unity.VisualScripting.YamlDotNet.dll
Symbol file LoadedFromMemory doesn't match image C:\Users\TheArzy\GitFlowData-2\Sword_Hard_Offline\Sword Hard Offline\Library\PackageCache\com.unity.visualscripting@1.6.1\Editor\VisualScripting.Core\Dependencies\DotNetZip\Unity.VisualScripting.IonicZip.dll
Native extension for WindowsStandalone target not found
Refreshing native plugins compatible for Editor in 0.50 ms, found 1 plugins.
Preloading 0 native plugins for Editor in 0.00 ms.
Mono: successfully reloaded assembly
- Completed reload, in  1.152 seconds
Platform modules already initialized, skipping
Refreshing native plugins compatible for Editor in 0.42 ms, found 1 plugins.
Preloading 0 native plugins for Editor in 0.00 ms.
Unloading 2665 Unused Serialized files (Serialized files now loaded: 0)
System memory in use before: 114.9 MB.
System memory in use after: 115.1 MB.

Unloading 9 unused Assets to reduce memory usage. Loaded Objects now: 3152.
Total: 2.015300 ms (FindLiveObjects: 0.188400 ms CreateObjectMapping: 0.118200 ms MarkObjects: 1.657700 ms  DeleteObjects: 0.049400 ms)

========================================================================
Received Import Request.
  Time since last request: 650.232156 seconds.
  path: Assets/Prefabs/TheGreateSword.prefab
  artifactKey: Guid(f5ee6815c9cfd90459eacb5242837ebd) Importer(815301076,1909f56bfc062723c751e8b465ee728b)
Start importing Assets/Prefabs/TheGreateSword.prefab using Guid(f5ee6815c9cfd90459eacb5242837ebd) Importer(815301076,1909f56bfc062723c751e8b465ee728b)  -> (artifact id: 'b1eed9bc85b1a0c7a0d12242581ba55b') in 0.072028 seconds 
========================================================================
Received Import Request.
  Time since last request: 4.911869 seconds.
  path: Assets/Prefabs/TheGreateSword.prefab
  artifactKey: Guid(f5ee6815c9cfd90459eacb5242837ebd) Importer(815301076,1909f56bfc062723c751e8b465ee728b)
Start importing Assets/Prefabs/TheGreateSword.prefab using Guid(f5ee6815c9cfd90459eacb5242837ebd) Importer(815301076,1909f56bfc062723c751e8b465ee728b)  -> (artifact id: '330c07c5a660dc828f6849d7b4bade57') in 0.015120 seconds 
========================================================================
Received Import Request.
  Time since last request: 6.021210 seconds.
  path: Assets/Prefabs/TheGreateSword.prefab
  artifactKey: Guid(f5ee6815c9cfd90459eacb5242837ebd) Importer(815301076,1909f56bfc062723c751e8b465ee728b)
Start importing Assets/Prefabs/TheGreateSword.prefab using Guid(f5ee6815c9cfd90459eacb5242837ebd) Importer(815301076,1909f56bfc062723c751e8b465ee728b)  -> (artifact id: 'f29c4d4369fef70f153657b0093a8430') in 0.010781 seconds 
========================================================================
Received Import Request.
  Time since last request: 5.216771 seconds.
  path: Assets/Prefabs/TheGreateSword.prefab
  artifactKey: Guid(f5ee6815c9cfd90459eacb5242837ebd) Importer(815301076,1909f56bfc062723c751e8b465ee728b)
Start importing Assets/Prefabs/TheGreateSword.prefab using Guid(f5ee6815c9cfd90459eacb5242837ebd) Importer(815301076,1909f56bfc062723c751e8b465ee728b)  -> (artifact id: '25f40d74793579e6fc6119f436c1e775') in 0.010794 seconds 
========================================================================
Received Prepare
Registering precompiled user dll's ...
Registered in 0.002635 seconds.
Begin MonoManager ReloadAssembly
Symbol file LoadedFromMemory doesn't match image C:\Users\TheArzy\GitFlowData-2\Sword_Hard_Offline\Sword Hard Offline\Library\PackageCache\com.unity.visualscripting@1.6.1\Editor\VisualScripting.Core\Dependencies\YamlDotNet\Unity.VisualScripting.YamlDotNet.dll
Symbol file LoadedFromMemory doesn't match image C:\Users\TheArzy\GitFlowData-2\Sword_Hard_Offline\Sword Hard Offline\Library\PackageCache\com.unity.visualscripting@1.6.1\Editor\VisualScripting.Core\Dependencies\DotNetZip\Unity.VisualScripting.IonicZip.dll
Native extension for WindowsStandalone target not found
Refreshing native plugins compatible for Editor in 0.55 ms, found 1 plugins.
Preloading 0 native plugins for Editor in 0.00 ms.
Mono: successfully reloaded assembly
- Completed reload, in  1.892 seconds
Platform modules already initialized, skipping
Refreshing native plugins compatible for Editor in 0.67 ms, found 1 plugins.
Preloading 0 native plugins for Editor in 0.00 ms.
Unloading 2665 Unused Serialized files (Serialized files now loaded: 0)
System memory in use before: 115.0 MB.
System memory in use after: 115.2 MB.

Unloading 9 unused Assets to reduce memory usage. Loaded Objects now: 3156.
Total: 6.456700 ms (FindLiveObjects: 0.671500 ms CreateObjectMapping: 0.356500 ms MarkObjects: 5.379000 ms  DeleteObjects: 0.048600 ms)

========================================================================
Received Prepare
Registering precompiled user dll's ...
Registered in 0.002736 seconds.
Begin MonoManager ReloadAssembly
Symbol file LoadedFromMemory doesn't match image C:\Users\TheArzy\GitFlowData-2\Sword_Hard_Offline\Sword Hard Offline\Library\PackageCache\com.unity.visualscripting@1.6.1\Editor\VisualScripting.Core\Dependencies\YamlDotNet\Unity.VisualScripting.YamlDotNet.dll
Symbol file LoadedFromMemory doesn't match image C:\Users\TheArzy\GitFlowData-2\Sword_Hard_Offline\Sword Hard Offline\Library\PackageCache\com.unity.visualscripting@1.6.1\Editor\VisualScripting.Core\Dependencies\DotNetZip\Unity.VisualScripting.IonicZip.dll
Native extension for WindowsStandalone target not found
Refreshing native plugins compatible for Editor in 0.42 ms, found 1 plugins.
Preloading 0 native plugins for Editor in 0.00 ms.
Mono: successfully reloaded assembly
- Completed reload, in  0.941 seconds
Platform modules already initialized, skipping
Refreshing native plugins compatible for Editor in 0.42 ms, found 1 plugins.
Preloading 0 native plugins for Editor in 0.00 ms.
Unloading 2665 Unused Serialized files (Serialized files now loaded: 0)
System memory in use before: 115.0 MB.
System memory in use after: 115.2 MB.

Unloading 9 unused Assets to reduce memory usage. Loaded Objects now: 3159.
Total: 3.391100 ms (FindLiveObjects: 0.368000 ms CreateObjectMapping: 0.145800 ms MarkObjects: 2.741900 ms  DeleteObjects: 0.133900 ms)

========================================================================
Received Prepare
Registering precompiled user dll's ...
Registered in 0.005331 seconds.
Begin MonoManager ReloadAssembly
Symbol file LoadedFromMemory doesn't match image C:\Users\TheArzy\GitFlowData-2\Sword_Hard_Offline\Sword Hard Offline\Library\PackageCache\com.unity.visualscripting@1.6.1\Editor\VisualScripting.Core\Dependencies\YamlDotNet\Unity.VisualScripting.YamlDotNet.dll
Symbol file LoadedFromMemory doesn't match image C:\Users\TheArzy\GitFlowData-2\Sword_Hard_Offline\Sword Hard Offline\Library\PackageCache\com.unity.visualscripting@1.6.1\Editor\VisualScripting.Core\Dependencies\DotNetZip\Unity.VisualScripting.IonicZip.dll
Native extension for WindowsStandalone target not found
Refreshing native plugins compatible for Editor in 0.42 ms, found 1 plugins.
Preloading 0 native plugins for Editor in 0.00 ms.
Mono: successfully reloaded assembly
- Completed reload, in  1.075 seconds
Platform modules already initialized, skipping
Refreshing native plugins compatible for Editor in 0.46 ms, found 1 plugins.
Preloading 0 native plugins for Editor in 0.00 ms.
Unloading 2665 Unused Serialized files (Serialized files now loaded: 0)
System memory in use before: 115.0 MB.
System memory in use after: 115.2 MB.

Unloading 9 unused Assets to reduce memory usage. Loaded Objects now: 3162.
Total: 1.901100 ms (FindLiveObjects: 0.201000 ms CreateObjectMapping: 0.127100 ms MarkObjects: 1.523600 ms  DeleteObjects: 0.048300 ms)

========================================================================
Received Prepare
Registering precompiled user dll's ...
Registered in 0.002037 seconds.
Begin MonoManager ReloadAssembly
Symbol file LoadedFromMemory doesn't match image C:\Users\TheArzy\GitFlowData-2\Sword_Hard_Offline\Sword Hard Offline\Library\PackageCache\com.unity.visualscripting@1.6.1\Editor\VisualScripting.Core\Dependencies\YamlDotNet\Unity.VisualScripting.YamlDotNet.dll
Symbol file LoadedFromMemory doesn't match image C:\Users\TheArzy\GitFlowData-2\Sword_Hard_Offline\Sword Hard Offline\Library\PackageCache\com.unity.visualscripting@1.6.1\Editor\VisualScripting.Core\Dependencies\DotNetZip\Unity.VisualScripting.IonicZip.dll
Native extension for WindowsStandalone target not found
Refreshing native plugins compatible for Editor in 0.44 ms, found 1 plugins.
Preloading 0 native plugins for Editor in 0.00 ms.
Mono: successfully reloaded assembly
- Completed reload, in  1.883 seconds
Platform modules already initialized, skipping
Refreshing native plugins compatible for Editor in 0.62 ms, found 1 plugins.
Preloading 0 native plugins for Editor in 0.00 ms.
Unloading 2665 Unused Serialized files (Serialized files now loaded: 0)
System memory in use before: 115.0 MB.
System memory in use after: 115.2 MB.

Unloading 9 unused Assets to reduce memory usage. Loaded Objects now: 3165.
Total: 2.084200 ms (FindLiveObjects: 0.218300 ms CreateObjectMapping: 0.173900 ms MarkObjects: 1.638000 ms  DeleteObjects: 0.052700 ms)

========================================================================
Received Prepare
Registering precompiled user dll's ...
Registered in 0.001846 seconds.
Begin MonoManager ReloadAssembly
Symbol file LoadedFromMemory doesn't match image C:\Users\TheArzy\GitFlowData-2\Sword_Hard_Offline\Sword Hard Offline\Library\PackageCache\com.unity.visualscripting@1.6.1\Editor\VisualScripting.Core\Dependencies\YamlDotNet\Unity.VisualScripting.YamlDotNet.dll
Symbol file LoadedFromMemory doesn't match image C:\Users\TheArzy\GitFlowData-2\Sword_Hard_Offline\Sword Hard Offline\Library\PackageCache\com.unity.visualscripting@1.6.1\Editor\VisualScripting.Core\Dependencies\DotNetZip\Unity.VisualScripting.IonicZip.dll
Native extension for WindowsStandalone target not found
Refreshing native plugins compatible for Editor in 0.44 ms, found 1 plugins.
Preloading 0 native plugins for Editor in 0.00 ms.
Mono: successfully reloaded assembly
- Completed reload, in  1.221 seconds
Platform modules already initialized, skipping
Refreshing native plugins compatible for Editor in 0.60 ms, found 1 plugins.
Preloading 0 native plugins for Editor in 0.00 ms.
Unloading 2665 Unused Serialized files (Serialized files now loaded: 0)
System memory in use before: 115.0 MB.
System memory in use after: 115.2 MB.

Unloading 9 unused Assets to reduce memory usage. Loaded Objects now: 3168.
Total: 2.758300 ms (FindLiveObjects: 0.191500 ms CreateObjectMapping: 0.113800 ms MarkObjects: 2.254600 ms  DeleteObjects: 0.196600 ms)

========================================================================
Received Prepare
Registering precompiled user dll's ...
Registered in 0.001645 seconds.
Begin MonoManager ReloadAssembly
Symbol file LoadedFromMemory doesn't match image C:\Users\TheArzy\GitFlowData-2\Sword_Hard_Offline\Sword Hard Offline\Library\PackageCache\com.unity.visualscripting@1.6.1\Editor\VisualScripting.Core\Dependencies\YamlDotNet\Unity.VisualScripting.YamlDotNet.dll
Symbol file LoadedFromMemory doesn't match image C:\Users\TheArzy\GitFlowData-2\Sword_Hard_Offline\Sword Hard Offline\Library\PackageCache\com.unity.visualscripting@1.6.1\Editor\VisualScripting.Core\Dependencies\DotNetZip\Unity.VisualScripting.IonicZip.dll
Native extension for WindowsStandalone target not found
Refreshing native plugins compatible for Editor in 0.46 ms, found 1 plugins.
Preloading 0 native plugins for Editor in 0.00 ms.
Mono: successfully reloaded assembly
- Completed reload, in  1.062 seconds
Platform modules already initialized, skipping
Refreshing native plugins compatible for Editor in 0.51 ms, found 1 plugins.
Preloading 0 native plugins for Editor in 0.00 ms.
Unloading 2665 Unused Serialized files (Serialized files now loaded: 0)
System memory in use before: 115.0 MB.
System memory in use after: 115.2 MB.

Unloading 9 unused Assets to reduce memory usage. Loaded Objects now: 3171.
Total: 2.875600 ms (FindLiveObjects: 0.496100 ms CreateObjectMapping: 0.241500 ms MarkObjects: 2.088700 ms  DeleteObjects: 0.048200 ms)

========================================================================
Received Prepare
Registering precompiled user dll's ...
Registered in 0.003817 seconds.
Begin MonoManager ReloadAssembly
Symbol file LoadedFromMemory doesn't match image C:\Users\TheArzy\GitFlowData-2\Sword_Hard_Offline\Sword Hard Offline\Library\PackageCache\com.unity.visualscripting@1.6.1\Editor\VisualScripting.Core\Dependencies\YamlDotNet\Unity.VisualScripting.YamlDotNet.dll
Symbol file LoadedFromMemory doesn't match image C:\Users\TheArzy\GitFlowData-2\Sword_Hard_Offline\Sword Hard Offline\Library\PackageCache\com.unity.visualscripting@1.6.1\Editor\VisualScripting.Core\Dependencies\DotNetZip\Unity.VisualScripting.IonicZip.dll
Native extension for WindowsStandalone target not found
Refreshing native plugins compatible for Editor in 0.56 ms, found 1 plugins.
Preloading 0 native plugins for Editor in 0.00 ms.
Mono: successfully reloaded assembly
- Completed reload, in  1.062 seconds
Platform modules already initialized, skipping
Refreshing native plugins compatible for Editor in 0.85 ms, found 1 plugins.
Preloading 0 native plugins for Editor in 0.00 ms.
Unloading 2665 Unused Serialized files (Serialized files now loaded: 0)
System memory in use before: 115.0 MB.
System memory in use after: 115.2 MB.

Unloading 9 unused Assets to reduce memory usage. Loaded Objects now: 3174.
Total: 4.886700 ms (FindLiveObjects: 0.818800 ms CreateObjectMapping: 0.227600 ms MarkObjects: 3.699300 ms  DeleteObjects: 0.139100 ms)

========================================================================
Received Prepare
Registering precompiled user dll's ...
Registered in 0.001995 seconds.
Begin MonoManager ReloadAssembly
Symbol file LoadedFromMemory doesn't match image C:\Users\TheArzy\GitFlowData-2\Sword_Hard_Offline\Sword Hard Offline\Library\PackageCache\com.unity.visualscripting@1.6.1\Editor\VisualScripting.Core\Dependencies\YamlDotNet\Unity.VisualScripting.YamlDotNet.dll
Symbol file LoadedFromMemory doesn't match image C:\Users\TheArzy\GitFlowData-2\Sword_Hard_Offline\Sword Hard Offline\Library\PackageCache\com.unity.visualscripting@1.6.1\Editor\VisualScripting.Core\Dependencies\DotNetZip\Unity.VisualScripting.IonicZip.dll
Native extension for WindowsStandalone target not found
Refreshing native plugins compatible for Editor in 0.45 ms, found 1 plugins.
Preloading 0 native plugins for Editor in 0.00 ms.
Mono: successfully reloaded assembly
- Completed reload, in  1.117 seconds
Platform modules already initialized, skipping
Refreshing native plugins compatible for Editor in 0.80 ms, found 1 plugins.
Preloading 0 native plugins for Editor in 0.00 ms.
Unloading 2665 Unused Serialized files (Serialized files now loaded: 0)
System memory in use before: 115.1 MB.
System memory in use after: 115.2 MB.

Unloading 9 unused Assets to reduce memory usage. Loaded Objects now: 3177.
Total: 7.904000 ms (FindLiveObjects: 0.982700 ms CreateObjectMapping: 0.653600 ms MarkObjects: 6.218700 ms  DeleteObjects: 0.047300 ms)

========================================================================
Received Prepare
Registering precompiled user dll's ...
Registered in 0.001780 seconds.
Begin MonoManager ReloadAssembly
Symbol file LoadedFromMemory doesn't match image C:\Users\TheArzy\GitFlowData-2\Sword_Hard_Offline\Sword Hard Offline\Library\PackageCache\com.unity.visualscripting@1.6.1\Editor\VisualScripting.Core\Dependencies\YamlDotNet\Unity.VisualScripting.YamlDotNet.dll
Symbol file LoadedFromMemory doesn't match image C:\Users\TheArzy\GitFlowData-2\Sword_Hard_Offline\Sword Hard Offline\Library\PackageCache\com.unity.visualscripting@1.6.1\Editor\VisualScripting.Core\Dependencies\DotNetZip\Unity.VisualScripting.IonicZip.dll
Native extension for WindowsStandalone target not found
Refreshing native plugins compatible for Editor in 0.50 ms, found 1 plugins.
Preloading 0 native plugins for Editor in 0.00 ms.
Mono: successfully reloaded assembly
- Completed reload, in  1.040 seconds
Platform modules already initialized, skipping
Refreshing native plugins compatible for Editor in 0.79 ms, found 1 plugins.
Preloading 0 native plugins for Editor in 0.00 ms.
Unloading 2665 Unused Serialized files (Serialized files now loaded: 0)
System memory in use before: 115.1 MB.
System memory in use after: 115.3 MB.

Unloading 9 unused Assets to reduce memory usage. Loaded Objects now: 3180.
Total: 7.965600 ms (FindLiveObjects: 0.253900 ms CreateObjectMapping: 0.137300 ms MarkObjects: 6.425800 ms  DeleteObjects: 1.147100 ms)

========================================================================
Received Prepare
Registering precompiled user dll's ...
Registered in 0.001513 seconds.
Begin MonoManager ReloadAssembly
Symbol file LoadedFromMemory doesn't match image C:\Users\TheArzy\GitFlowData-2\Sword_Hard_Offline\Sword Hard Offline\Library\PackageCache\com.unity.visualscripting@1.6.1\Editor\VisualScripting.Core\Dependencies\YamlDotNet\Unity.VisualScripting.YamlDotNet.dll
Symbol file LoadedFromMemory doesn't match image C:\Users\TheArzy\GitFlowData-2\Sword_Hard_Offline\Sword Hard Offline\Library\PackageCache\com.unity.visualscripting@1.6.1\Editor\VisualScripting.Core\Dependencies\DotNetZip\Unity.VisualScripting.IonicZip.dll
Native extension for WindowsStandalone target not found
Refreshing native plugins compatible for Editor in 0.56 ms, found 1 plugins.
Preloading 0 native plugins for Editor in 0.00 ms.
Mono: successfully reloaded assembly
- Completed reload, in  1.080 seconds
Platform modules already initialized, skipping
Refreshing native plugins compatible for Editor in 2.55 ms, found 1 plugins.
Preloading 0 native plugins for Editor in 0.00 ms.
Unloading 2665 Unused Serialized files (Serialized files now loaded: 0)
System memory in use before: 115.1 MB.
System memory in use after: 115.3 MB.

Unloading 9 unused Assets to reduce memory usage. Loaded Objects now: 3183.
Total: 2.054000 ms (FindLiveObjects: 0.205900 ms CreateObjectMapping: 0.118800 ms MarkObjects: 1.672500 ms  DeleteObjects: 0.055400 ms)

========================================================================
Received Prepare
Registering precompiled user dll's ...
Registered in 0.003899 seconds.
Begin MonoManager ReloadAssembly
Symbol file LoadedFromMemory doesn't match image C:\Users\TheArzy\GitFlowData-2\Sword_Hard_Offline\Sword Hard Offline\Library\PackageCache\com.unity.visualscripting@1.6.1\Editor\VisualScripting.Core\Dependencies\YamlDotNet\Unity.VisualScripting.YamlDotNet.dll
Symbol file LoadedFromMemory doesn't match image C:\Users\TheArzy\GitFlowData-2\Sword_Hard_Offline\Sword Hard Offline\Library\PackageCache\com.unity.visualscripting@1.6.1\Editor\VisualScripting.Core\Dependencies\DotNetZip\Unity.VisualScripting.IonicZip.dll
Native extension for WindowsStandalone target not found
Refreshing native plugins compatible for Editor in 0.43 ms, found 1 plugins.
Preloading 0 native plugins for Editor in 0.00 ms.
Mono: successfully reloaded assembly
- Completed reload, in  1.053 seconds
Platform modules already initialized, skipping
Refreshing native plugins compatible for Editor in 1.89 ms, found 1 plugins.
Preloading 0 native plugins for Editor in 0.00 ms.
Unloading 2665 Unused Serialized files (Serialized files now loaded: 0)
System memory in use before: 115.1 MB.
System memory in use after: 115.3 MB.

Unloading 9 unused Assets to reduce memory usage. Loaded Objects now: 3186.
Total: 2.973800 ms (FindLiveObjects: 0.679400 ms CreateObjectMapping: 0.184400 ms MarkObjects: 2.053900 ms  DeleteObjects: 0.054900 ms)

========================================================================
Received Prepare
Registering precompiled user dll's ...
Registered in 0.005005 seconds.
Begin MonoManager ReloadAssembly
Symbol file LoadedFromMemory doesn't match image C:\Users\TheArzy\GitFlowData-2\Sword_Hard_Offline\Sword Hard Offline\Library\PackageCache\com.unity.visualscripting@1.6.1\Editor\VisualScripting.Core\Dependencies\YamlDotNet\Unity.VisualScripting.YamlDotNet.dll
Symbol file LoadedFromMemory doesn't match image C:\Users\TheArzy\GitFlowData-2\Sword_Hard_Offline\Sword Hard Offline\Library\PackageCache\com.unity.visualscripting@1.6.1\Editor\VisualScripting.Core\Dependencies\DotNetZip\Unity.VisualScripting.IonicZip.dll
Native extension for WindowsStandalone target not found
Refreshing native plugins compatible for Editor in 0.46 ms, found 1 plugins.
Preloading 0 native plugins for Editor in 0.00 ms.
Mono: successfully reloaded assembly
- Completed reload, in  1.056 seconds
Platform modules already initialized, skipping
Refreshing native plugins compatible for Editor in 9.18 ms, found 1 plugins.
Preloading 0 native plugins for Editor in 0.00 ms.
Unloading 2665 Unused Serialized files (Serialized files now loaded: 0)
System memory in use before: 115.1 MB.
System memory in use after: 115.3 MB.

Unloading 9 unused Assets to reduce memory usage. Loaded Objects now: 3189.
Total: 9.957700 ms (FindLiveObjects: 0.360900 ms CreateObjectMapping: 0.303400 ms MarkObjects: 9.025300 ms  DeleteObjects: 0.266900 ms)

========================================================================
Received Prepare
Registering precompiled user dll's ...
Registered in 0.001991 seconds.
Begin MonoManager ReloadAssembly
Symbol file LoadedFromMemory doesn't match image C:\Users\TheArzy\GitFlowData-2\Sword_Hard_Offline\Sword Hard Offline\Library\PackageCache\com.unity.visualscripting@1.6.1\Editor\VisualScripting.Core\Dependencies\YamlDotNet\Unity.VisualScripting.YamlDotNet.dll
Symbol file LoadedFromMemory doesn't match image C:\Users\TheArzy\GitFlowData-2\Sword_Hard_Offline\Sword Hard Offline\Library\PackageCache\com.unity.visualscripting@1.6.1\Editor\VisualScripting.Core\Dependencies\DotNetZip\Unity.VisualScripting.IonicZip.dll
Native extension for WindowsStandalone target not found
Refreshing native plugins compatible for Editor in 0.54 ms, found 1 plugins.
Preloading 0 native plugins for Editor in 0.00 ms.
Mono: successfully reloaded assembly
- Completed reload, in  0.961 seconds
Platform modules already initialized, skipping
Refreshing native plugins compatible for Editor in 0.41 ms, found 1 plugins.
Preloading 0 native plugins for Editor in 0.00 ms.
Unloading 2665 Unused Serialized files (Serialized files now loaded: 0)
System memory in use before: 115.1 MB.
System memory in use after: 115.3 MB.

Unloading 9 unused Assets to reduce memory usage. Loaded Objects now: 3192.
Total: 1.783500 ms (FindLiveObjects: 0.207500 ms CreateObjectMapping: 0.124300 ms MarkObjects: 1.404400 ms  DeleteObjects: 0.046200 ms)

========================================================================
Received Prepare
Registering precompiled user dll's ...
Registered in 0.004506 seconds.
Begin MonoManager ReloadAssembly
Symbol file LoadedFromMemory doesn't match image C:\Users\TheArzy\GitFlowData-2\Sword_Hard_Offline\Sword Hard Offline\Library\PackageCache\com.unity.visualscripting@1.6.1\Editor\VisualScripting.Core\Dependencies\YamlDotNet\Unity.VisualScripting.YamlDotNet.dll
Symbol file LoadedFromMemory doesn't match image C:\Users\TheArzy\GitFlowData-2\Sword_Hard_Offline\Sword Hard Offline\Library\PackageCache\com.unity.visualscripting@1.6.1\Editor\VisualScripting.Core\Dependencies\DotNetZip\Unity.VisualScripting.IonicZip.dll
Native extension for WindowsStandalone target not found
Refreshing native plugins compatible for Editor in 0.52 ms, found 1 plugins.
Preloading 0 native plugins for Editor in 0.00 ms.
Mono: successfully reloaded assembly
- Completed reload, in  1.057 seconds
Platform modules already initialized, skipping
Refreshing native plugins compatible for Editor in 2.60 ms, found 1 plugins.
Preloading 0 native plugins for Editor in 0.00 ms.
Unloading 2665 Unused Serialized files (Serialized files now loaded: 0)
System memory in use before: 115.1 MB.
System memory in use after: 115.3 MB.

Unloading 9 unused Assets to reduce memory usage. Loaded Objects now: 3195.
Total: 6.899700 ms (FindLiveObjects: 0.832400 ms CreateObjectMapping: 1.515200 ms MarkObjects: 4.498900 ms  DeleteObjects: 0.051800 ms)

========================================================================
Received Prepare
Registering precompiled user dll's ...
Registered in 0.001699 seconds.
Begin MonoManager ReloadAssembly
Symbol file LoadedFromMemory doesn't match image C:\Users\TheArzy\GitFlowData-2\Sword_Hard_Offline\Sword Hard Offline\Library\PackageCache\com.unity.visualscripting@1.6.1\Editor\VisualScripting.Core\Dependencies\YamlDotNet\Unity.VisualScripting.YamlDotNet.dll
Symbol file LoadedFromMemory doesn't match image C:\Users\TheArzy\GitFlowData-2\Sword_Hard_Offline\Sword Hard Offline\Library\PackageCache\com.unity.visualscripting@1.6.1\Editor\VisualScripting.Core\Dependencies\DotNetZip\Unity.VisualScripting.IonicZip.dll
Native extension for WindowsStandalone target not found
Refreshing native plugins compatible for Editor in 0.59 ms, found 1 plugins.
Preloading 0 native plugins for Editor in 0.00 ms.
Mono: successfully reloaded assembly
- Completed reload, in  1.086 seconds
Platform modules already initialized, skipping
Refreshing native plugins compatible for Editor in 1.33 ms, found 1 plugins.
Preloading 0 native plugins for Editor in 0.00 ms.
Unloading 2665 Unused Serialized files (Serialized files now loaded: 0)
System memory in use before: 115.1 MB.
System memory in use after: 115.3 MB.

Unloading 9 unused Assets to reduce memory usage. Loaded Objects now: 3198.
Total: 5.797100 ms (FindLiveObjects: 0.227400 ms CreateObjectMapping: 0.495400 ms MarkObjects: 3.496600 ms  DeleteObjects: 1.576100 ms)

========================================================================
Received Prepare
Registering precompiled user dll's ...
Registered in 0.001564 seconds.
Begin MonoManager ReloadAssembly
Symbol file LoadedFromMemory doesn't match image C:\Users\TheArzy\GitFlowData-2\Sword_Hard_Offline\Sword Hard Offline\Library\PackageCache\com.unity.visualscripting@1.6.1\Editor\VisualScripting.Core\Dependencies\YamlDotNet\Unity.VisualScripting.YamlDotNet.dll
Symbol file LoadedFromMemory doesn't match image C:\Users\TheArzy\GitFlowData-2\Sword_Hard_Offline\Sword Hard Offline\Library\PackageCache\com.unity.visualscripting@1.6.1\Editor\VisualScripting.Core\Dependencies\DotNetZip\Unity.VisualScripting.IonicZip.dll
Native extension for WindowsStandalone target not found
Refreshing native plugins compatible for Editor in 0.51 ms, found 1 plugins.
Preloading 0 native plugins for Editor in 0.00 ms.
Mono: successfully reloaded assembly
- Completed reload, in  1.042 seconds
Platform modules already initialized, skipping
Refreshing native plugins compatible for Editor in 0.46 ms, found 1 plugins.
Preloading 0 native plugins for Editor in 0.00 ms.
Unloading 2665 Unused Serialized files (Serialized files now loaded: 0)
System memory in use before: 115.1 MB.
System memory in use after: 115.3 MB.

Unloading 9 unused Assets to reduce memory usage. Loaded Objects now: 3201.
Total: 12.787200 ms (FindLiveObjects: 1.078200 ms CreateObjectMapping: 0.730400 ms MarkObjects: 10.921000 ms  DeleteObjects: 0.056000 ms)

========================================================================
Received Prepare
Registering precompiled user dll's ...
Registered in 0.001700 seconds.
Begin MonoManager ReloadAssembly
Symbol file LoadedFromMemory doesn't match image C:\Users\TheArzy\GitFlowData-2\Sword_Hard_Offline\Sword Hard Offline\Library\PackageCache\com.unity.visualscripting@1.6.1\Editor\VisualScripting.Core\Dependencies\YamlDotNet\Unity.VisualScripting.YamlDotNet.dll
Symbol file LoadedFromMemory doesn't match image C:\Users\TheArzy\GitFlowData-2\Sword_Hard_Offline\Sword Hard Offline\Library\PackageCache\com.unity.visualscripting@1.6.1\Editor\VisualScripting.Core\Dependencies\DotNetZip\Unity.VisualScripting.IonicZip.dll
Native extension for WindowsStandalone target not found
Refreshing native plugins compatible for Editor in 0.58 ms, found 1 plugins.
Preloading 0 native plugins for Editor in 0.00 ms.
Mono: successfully reloaded assembly
- Completed reload, in  1.075 seconds
Platform modules already initialized, skipping
Refreshing native plugins compatible for Editor in 0.41 ms, found 1 plugins.
Preloading 0 native plugins for Editor in 0.00 ms.
Unloading 2665 Unused Serialized files (Serialized files now loaded: 0)
System memory in use before: 115.1 MB.
System memory in use after: 115.3 MB.

Unloading 9 unused Assets to reduce memory usage. Loaded Objects now: 3204.
Total: 1.985100 ms (FindLiveObjects: 0.218700 ms CreateObjectMapping: 0.155300 ms MarkObjects: 1.560700 ms  DeleteObjects: 0.049400 ms)

========================================================================
Received Prepare
Registering precompiled user dll's ...
Registered in 0.001864 seconds.
Begin MonoManager ReloadAssembly
Symbol file LoadedFromMemory doesn't match image C:\Users\TheArzy\GitFlowData-2\Sword_Hard_Offline\Sword Hard Offline\Library\PackageCache\com.unity.visualscripting@1.6.1\Editor\VisualScripting.Core\Dependencies\YamlDotNet\Unity.VisualScripting.YamlDotNet.dll
Symbol file LoadedFromMemory doesn't match image C:\Users\TheArzy\GitFlowData-2\Sword_Hard_Offline\Sword Hard Offline\Library\PackageCache\com.unity.visualscripting@1.6.1\Editor\VisualScripting.Core\Dependencies\DotNetZip\Unity.VisualScripting.IonicZip.dll
Native extension for WindowsStandalone target not found
Refreshing native plugins compatible for Editor in 0.98 ms, found 1 plugins.
Preloading 0 native plugins for Editor in 0.00 ms.
Mono: successfully reloaded assembly
- Completed reload, in  1.024 seconds
Platform modules already initialized, skipping
Refreshing native plugins compatible for Editor in 0.43 ms, found 1 plugins.
Preloading 0 native plugins for Editor in 0.00 ms.
Unloading 2665 Unused Serialized files (Serialized files now loaded: 0)
System memory in use before: 115.1 MB.
System memory in use after: 115.3 MB.

Unloading 9 unused Assets to reduce memory usage. Loaded Objects now: 3207.
Total: 1.753200 ms (FindLiveObjects: 0.194200 ms CreateObjectMapping: 0.120200 ms MarkObjects: 1.392600 ms  DeleteObjects: 0.045000 ms)

========================================================================
Received Prepare
Registering precompiled user dll's ...
Registered in 0.001866 seconds.
Begin MonoManager ReloadAssembly
Symbol file LoadedFromMemory doesn't match image C:\Users\TheArzy\GitFlowData-2\Sword_Hard_Offline\Sword Hard Offline\Library\PackageCache\com.unity.visualscripting@1.6.1\Editor\VisualScripting.Core\Dependencies\YamlDotNet\Unity.VisualScripting.YamlDotNet.dll
Symbol file LoadedFromMemory doesn't match image C:\Users\TheArzy\GitFlowData-2\Sword_Hard_Offline\Sword Hard Offline\Library\PackageCache\com.unity.visualscripting@1.6.1\Editor\VisualScripting.Core\Dependencies\DotNetZip\Unity.VisualScripting.IonicZip.dll
Native extension for WindowsStandalone target not found
Refreshing native plugins compatible for Editor in 0.44 ms, found 1 plugins.
Preloading 0 native plugins for Editor in 0.00 ms.
Mono: successfully reloaded assembly
- Completed reload, in  0.930 seconds
Platform modules already initialized, skipping
Refreshing native plugins compatible for Editor in 0.88 ms, found 1 plugins.
Preloading 0 native plugins for Editor in 0.00 ms.
Unloading 2665 Unused Serialized files (Serialized files now loaded: 0)
System memory in use before: 115.1 MB.
System memory in use after: 115.3 MB.

Unloading 9 unused Assets to reduce memory usage. Loaded Objects now: 3210.
Total: 2.520000 ms (FindLiveObjects: 0.194600 ms CreateObjectMapping: 0.110600 ms MarkObjects: 2.158900 ms  DeleteObjects: 0.054700 ms)

========================================================================
Received Prepare
Registering precompiled user dll's ...
Registered in 0.001861 seconds.
Begin MonoManager ReloadAssembly
Symbol file LoadedFromMemory doesn't match image C:\Users\TheArzy\GitFlowData-2\Sword_Hard_Offline\Sword Hard Offline\Library\PackageCache\com.unity.visualscripting@1.6.1\Editor\VisualScripting.Core\Dependencies\YamlDotNet\Unity.VisualScripting.YamlDotNet.dll
Symbol file LoadedFromMemory doesn't match image C:\Users\TheArzy\GitFlowData-2\Sword_Hard_Offline\Sword Hard Offline\Library\PackageCache\com.unity.visualscripting@1.6.1\Editor\VisualScripting.Core\Dependencies\DotNetZip\Unity.VisualScripting.IonicZip.dll
Native extension for WindowsStandalone target not found
Refreshing native plugins compatible for Editor in 0.43 ms, found 1 plugins.
Preloading 0 native plugins for Editor in 0.00 ms.
Mono: successfully reloaded assembly
- Completed reload, in  1.021 seconds
Platform modules already initialized, skipping
Refreshing native plugins compatible for Editor in 0.42 ms, found 1 plugins.
Preloading 0 native plugins for Editor in 0.00 ms.
Unloading 2665 Unused Serialized files (Serialized files now loaded: 0)
System memory in use before: 115.1 MB.
System memory in use after: 115.3 MB.

Unloading 9 unused Assets to reduce memory usage. Loaded Objects now: 3213.
Total: 2.657700 ms (FindLiveObjects: 0.188800 ms CreateObjectMapping: 0.113100 ms MarkObjects: 2.306600 ms  DeleteObjects: 0.048100 ms)

========================================================================
Received Prepare
Registering precompiled user dll's ...
Registered in 0.001772 seconds.
Begin MonoManager ReloadAssembly
Symbol file LoadedFromMemory doesn't match image C:\Users\TheArzy\GitFlowData-2\Sword_Hard_Offline\Sword Hard Offline\Library\PackageCache\com.unity.visualscripting@1.6.1\Editor\VisualScripting.Core\Dependencies\YamlDotNet\Unity.VisualScripting.YamlDotNet.dll
Symbol file LoadedFromMemory doesn't match image C:\Users\TheArzy\GitFlowData-2\Sword_Hard_Offline\Sword Hard Offline\Library\PackageCache\com.unity.visualscripting@1.6.1\Editor\VisualScripting.Core\Dependencies\DotNetZip\Unity.VisualScripting.IonicZip.dll
Native extension for WindowsStandalone target not found
Refreshing native plugins compatible for Editor in 0.46 ms, found 1 plugins.
Preloading 0 native plugins for Editor in 0.00 ms.
Mono: successfully reloaded assembly
- Completed reload, in  0.993 seconds
Platform modules already initialized, skipping
Refreshing native plugins compatible for Editor in 0.44 ms, found 1 plugins.
Preloading 0 native plugins for Editor in 0.00 ms.
Unloading 2665 Unused Serialized files (Serialized files now loaded: 0)
System memory in use before: 115.1 MB.
System memory in use after: 115.3 MB.

Unloading 9 unused Assets to reduce memory usage. Loaded Objects now: 3216.
Total: 2.576200 ms (FindLiveObjects: 0.212300 ms CreateObjectMapping: 0.121000 ms MarkObjects: 2.136700 ms  DeleteObjects: 0.105000 ms)

AssetImportWorkerClient::OnTransportError - code=2 error=End of file
